Arguments: 
  D:\Software\nodejs\node.exe D:\Software\yarn\bin\yarn.js add -D chai-spies

PATH: 
  D:\Software\cmder\vendor\git-for-windows\mingw64\bin;D:\Software\cmder\vendor\git-for-windows\usr\bin;C:\Users\Songen\bin;C:\Users\Songen\Desktop\bhc-ui\node_modules\.bin;C:\Program Files (x86)\Common Files\Intel\Shared Libraries\redist\intel64_win\compiler;C:\Program Files (x86)\Common Files\Intel\Shared Libraries\redist\intel64\compiler;C:\WINDOWS\system32;C:\WINDOWS;C:\WINDOWS\System32\Wbem;C:\WINDOWS\System32\WindowsPowerShell\v1.0;C:\WINDOWS\System32\OpenSSH;D:\Software\nodejs;D:\Software\yarn\bin;C:\Users\Songen\AppData\Local\Microsoft\WindowsApps;C:\Users\Songen\AppData\Local\atom\bin;C:\Users\Songen\AppData\Local\Microsoft\WindowsApps;D:\Microsoft VS Code\bin;C:\Users\Songen\AppData\Roaming\npm;C:\Users\Songen\AppData\Local\Yarn\bin

Yarn version: 
  1.22.5

Node version: 
  12.18.3

Platform: 
  win32 x64

Trace: 
  Error: EPERM: operation not permitted, unlink 'C:\Users\Songen\Desktop\bhc-ui\node_modules\deasync\bin\win32-x64-node-12\deasync.node'

npm manifest: 
  {
    "name": "bhc-ui",
    "version": "0.0.1",
    "description": "UI组件",
    "main": "index.js",
    "scripts": {
      "test": "echo \"Error: no test specified\" && exit 1"
    },
    "repository": {
      "type": "git",
      "url": "git+https://github.com/songenen/gulu-1.git"
    },
    "keywords": [
      "vue",
      "ui"
    ],
    "author": "songen",
    "license": "MIT",
    "bugs": {
      "url": "https://github.com/songenen/gulu-1/issues"
    },
    "homepage": "https://github.com/songenen/gulu-1#readme",
    "dependencies": {
      "vue": "^2.6.12",
      "vue-hot-reload-api": "^2.3.4"
    },
    "devDependencies": {
      "@vue/component-compiler-utils": "^3.2.0",
      "chai": "^4.2.0",
      "parcel-bundler": "^1.12.4",
      "sass": "^1.26.10",
      "typescript": "^4.0.2",
      "vue-template-compiler": "^2.6.12"
    },
    "alias": {
      "vue": "./node_modules/vue/dist/vue.common.js"
    }
  }

yarn manifest: 
  No manifest

Lockfile: 
  No lockfile
